<?xml version="1.0" encoding="UTF-8"?>
<testng-results skipped="0" failed="0" ignored="0" total="1" passed="1">
  <reporter-output>
  </reporter-output>
  <suite name="All_Suites" duration-ms="13753" started-at="2020-10-03T09:45:12 IST" finished-at="2020-10-03T09:45:26 IST">
    <groups>
    </groups>
    <test name="test1" duration-ms="13753" started-at="2020-10-03T09:45:12 IST" finished-at="2020-10-03T09:45:26 IST">
      <class name="com.sandy.MyTest">
        <test-method status="PASS" signature="setup()[pri:0, instance:com.sandy.MyTest@5702b3b1]" name="setup" is-config="true" duration-ms="9" started-at="2020-10-03T09:45:12 IST" finished-at="2020-10-03T09:45:12 IST">
          <reporter-output>
          </reporter-output>
        </test-method> <!-- setup -->
        <test-method status="PASS" signature="testingTitle()[pri:0, instance:com.sandy.MyTest@5702b3b1]" name="testingTitle" duration-ms="13716" started-at="2020-10-03T09:45:13 IST" finished-at="2020-10-03T09:45:26 IST">
          <reporter-output>
          </reporter-output>
        </test-method> <!-- testingTitle -->
        <test-method status="PASS" signature="teardown()[pri:0, instance:com.sandy.MyTest@5702b3b1]" name="teardown" is-config="true" duration-ms="0" started-at="2020-10-03T09:45:26 IST" finished-at="2020-10-03T09:45:26 IST">
          <reporter-output>
          </reporter-output>
        </test-method> <!-- teardown -->
      </class> <!-- com.sandy.MyTest -->
    </test> <!-- test1 -->
  </suite> <!-- All_Suites -->
</testng-results>
